This is pdfTeX, Version 3.141592653-2.6-1.40.29 (MiKTeX 26.2) (preloaded format=pdflatex 2026.5.5)  5 MAY 2026 14:08
entering extended mode
 restricted \write18 enabled.
 file:line:error style messages enabled.
 %&-line parsing enabled.
**./Template.tex
(Template.tex
LaTeX2e <2025-11-01>
L3 programming layer <2026-03-20>

(C:\Users\kecid\AppData\Local\Programs\MiKTeX\tex/latex/koma-script\scrbook.cls
Document Class: scrbook 2026/02/02 v3.49.2 KOMA-Script document class (book)

(C:\Users\kecid\AppData\Local\Programs\MiKTeX\tex/latex/koma-script\scrkbase.st
y
Package: scrkbase 2026/02/02 v3.49.2 KOMA-Script package (KOMA-Script-dependent
 basics and keyval usage)

(C:\Users\kecid\AppData\Local\Programs\MiKTeX\tex/latex/koma-script\scrbase.sty
Package: scrbase 2026/02/02 v3.49.2 KOMA-Script package (KOMA-Script-independen
t basics and keyval usage)

(C:\Users\kecid\AppData\Local\Programs\MiKTeX\tex/latex/koma-script\scrlfile.st
y
Package: scrlfile 2026/02/02 v3.49.2 KOMA-Script package (file load hooks)

(C:\Users\kecid\AppData\Local\Programs\MiKTeX\tex/latex/koma-script\scrlfile-ho
ok.sty
Package: scrlfile-hook 2026/02/02 v3.49.2 KOMA-Script package (using LaTeX hook
s)

(C:\Users\kecid\AppData\Local\Programs\MiKTeX\tex/latex/koma-script\scrlogo.sty
Package: scrlogo 2026/02/02 v3.49.2 KOMA-Script package (logo)
))) (C:\Users\kecid\AppData\Local\Programs\MiKTeX\tex/latex/graphics\keyval.sty
Package: keyval 2022/05/29 v1.15 key=value parser (DPC)
\KV@toks@=\toks17
)
Applying: [2021/05/01] Usage of raw or classic option list on input line 254.
Already applied: [0000/00/00] Usage of raw or classic option list on input line
 370.
))
(C:\Users\kecid\AppData\Local\Programs\MiKTeX\tex/latex/koma-script\tocbasic.st
y
Package: tocbasic 2026/02/02 v3.49.2 KOMA-Script package (handling toc-files)
\scr@dte@tocline@numberwidth=\skip49
\scr@dte@tocline@numbox=\box53
)
Package tocbasic Info: omitting babel extension for `toc'
(tocbasic)             because of feature `nobabel' available
(tocbasic)             for `toc' on input line 143.
Package scrbook Info: You've used standard option `12pt'.
(scrbook)             This is correct!
(scrbook)             Internally I'm using `fontsize=12pt'.
(scrbook)             If you'd like to set the option with \KOMAoptions,
(scrbook)             you'd have to use `fontsize=12pt' there
(scrbook)             instead of `12pt', too.
Class scrbook Info: You've used standard option `oneside'.
(scrbook)           This is correct!
(scrbook)           Internally I'm using `twoside=false'.
(scrbook)           If you'd like to set the option with \KOMAoptions,
(scrbook)           you'd have to use `twoside=false' there
(scrbook)           instead of `oneside', too.
Class scrbook Info: File `scrsize12pt.clo' used to setup font sizes on input li
ne 2713.

(C:\Users\kecid\AppData\Local\Programs\MiKTeX\tex/latex/koma-script\scrsize12pt
.clo
File: scrsize12pt.clo 2026/02/02 v3.49.2 KOMA-Script font size class option (12
pt)
)
(C:\Users\kecid\AppData\Local\Programs\MiKTeX\tex/latex/koma-script\typearea.st
y
Package: typearea 2026/02/02 v3.49.2 KOMA-Script package (type area)
\ta@bcor=\skip50
\ta@div=\count275
Package typearea Info: You've used standard option `a4paper'.
(typearea)             This is correct!
(typearea)             Internally I'm using `paper=a4'.
(typearea)             If you'd like to set the option with \KOMAoptions,
(typearea)             you'd have to use `paper=a4' there
(typearea)             instead of `a4paper', too.
Package typearea Info: You've used standard option `oneside'.
(typearea)             This is correct!
(typearea)             Internally I'm using `twoside=false'.
(typearea)             If you'd like to set the option with \KOMAoptions,
(typearea)             you'd have to use `twoside=false' there
(typearea)             instead of `oneside', too.


Package typearea Warning: You've used deprecated option `BCOR1cm'.
(typearea)                Usage of this option indicates an old document
(typearea)                and changes compatibility level using
(typearea)                `BCOR=1cm,version=first,
(typearea)                enabledeprecatedfontcommands' that may result
(typearea)                in further warnings.
(typearea)                If you don't want this, you should simply
(typearea)                replace option `BCOR1cm' by `BCOR=1cm'.

Package typearea Info: Switching compatibility level to `first'.
\ta@hblk=\skip51
\ta@vblk=\skip52
\ta@temp=\skip53
\footheight=\skip54
Package typearea Info: These are the values describing the layout:
(typearea)             DIV  = 12
(typearea)             BCOR = 28.45274pt
(typearea)             \paperwidth      = 597.50793pt
(typearea)              \textwidth      = 426.7914pt
(typearea)              DIV departure   = -1%
(typearea)              \evensidemargin = 27.31465pt
(typearea)              \oddsidemargin  = 27.31465pt
(typearea)             \paperheight     = 845.04694pt
(typearea)              \textheight     = 635.5pt
(typearea)              \topmargin      = -41.72441pt
(typearea)              \headheight     = 18.125pt
(typearea)              \headsep        = 21.75pt
(typearea)              \topskip        = 12.0pt
(typearea)              \footskip       = 50.75pt
(typearea)              \baselineskip   = 14.5pt
(typearea)              on input line 1810.
)
\c@part=\count276
\c@chapter=\count277
\c@section=\count278
\c@subsection=\count279
\c@subsubsection=\count280
\c@paragraph=\count281
\c@subparagraph=\count282
\scr@dte@chapter@maxnumwidth=\skip55
Class scrbook Info: using compatibility default `afterindent=bysign'
(scrbook)           for `\chapter on input line 5945.
\scr@dte@section@maxnumwidth=\skip56
Class scrbook Info: using compatibility default `runin=bysign'
(scrbook)           for `\section on input line 5956.
Class scrbook Info: using compatibility default `afterindent=bysign'
(scrbook)           for `\section on input line 5956.
\scr@dte@part@maxnumwidth=\skip57
Class scrbook Info: using compatibility default `afterindent=true'
(scrbook)           for `\part on input line 5965.
\scr@dte@subsection@maxnumwidth=\skip58
Class scrbook Info: using compatibility default `runin=bysign'
(scrbook)           for `\subsection on input line 5975.
Class scrbook Info: using compatibility default `afterindent=bysign'
(scrbook)           for `\subsection on input line 5975.
\scr@dte@subsubsection@maxnumwidth=\skip59
Class scrbook Info: using compatibility default `runin=bysign'
(scrbook)           for `\subsubsection on input line 5985.
Class scrbook Info: using compatibility default `afterindent=bysign'
(scrbook)           for `\subsubsection on input line 5985.
\scr@dte@paragraph@maxnumwidth=\skip60
Class scrbook Info: using compatibility default `runin=bysign'
(scrbook)           for `\paragraph on input line 5996.
Class scrbook Info: using compatibility default `afterindent=bysign'
(scrbook)           for `\paragraph on input line 5996.
\scr@dte@subparagraph@maxnumwidth=\skip61
Class scrbook Info: using compatibility default `runin=bysign'
(scrbook)           for `\subparagraph on input line 6006.
Class scrbook Info: using compatibility default `afterindent=bysign'
(scrbook)           for `\subparagraph on input line 6006.
\abovecaptionskip=\skip62
\belowcaptionskip=\skip63
\c@pti@nb@sid@b@x=\box54
Package tocbasic Info: omitting babel extension for `lof'
(tocbasic)             because of feature `nobabel' available
(tocbasic)             for `lof' on input line 7242.
\scr@dte@figure@maxnumwidth=\skip64
\c@figure=\count283
Package tocbasic Info: omitting babel extension for `lot'
(tocbasic)             because of feature `nobabel' available
(tocbasic)             for `lot' on input line 7255.
\scr@dte@table@maxnumwidth=\skip65
\c@table=\count284
Class scrbook Info: Redefining `\numberline' on input line 7426.
\bibindent=\dimen150
)
(C:\Users\kecid\AppData\Local\Programs\MiKTeX\tex/latex/graphics\graphicx.sty
Package: graphicx 2024/12/31 v1.2e Enhanced LaTeX Graphics (DPC,SPQR)

(C:\Users\kecid\AppData\Local\Programs\MiKTeX\tex/latex/graphics\graphics.sty
Package: graphics 2024/08/06 v1.4g Standard LaTeX Graphics (DPC,SPQR)

(C:\Users\kecid\AppData\Local\Programs\MiKTeX\tex/latex/graphics\trig.sty
Package: trig 2023/12/02 v1.11 sin cos tan (DPC)
)
(C:\Users\kecid\AppData\Local\Programs\MiKTeX\tex/latex/graphics-cfg\graphics.c
fg
File: graphics.cfg 2016/06/04 v1.11 sample graphics configuration
)
Package graphics Info: Driver file: pdftex.def on input line 106.

(C:\Users\kecid\AppData\Local\Programs\MiKTeX\tex/latex/graphics-def\pdftex.def
File: pdftex.def 2025/09/29 v1.2d Graphics/color driver for pdftex
))
\Gin@req@height=\dimen151
\Gin@req@width=\dimen152
) (C:\Users\kecid\AppData\Local\Programs\MiKTeX\tex/latex/base\makeidx.sty
Package: makeidx 2021/10/04 v1.0m Standard LaTeX package
)
(C:\Users\kecid\AppData\Local\Programs\MiKTeX\tex/latex/hyperref\hyperref.sty
Package: hyperref 2026-04-24 v7.01q Hypertext links for LaTeX

(C:\Users\kecid\AppData\Local\Programs\MiKTeX\tex/generic/iftex\iftex.sty
Package: iftex 2024/12/12 v1.0g TeX engine tests
)
(C:\Users\kecid\AppData\Local\Programs\MiKTeX\tex/latex/kvsetkeys\kvsetkeys.sty
Package: kvsetkeys 2022-10-05 v1.19 Key value parser (HO)
)
(C:\Users\kecid\AppData\Local\Programs\MiKTeX\tex/generic/kvdefinekeys\kvdefine
keys.sty
Package: kvdefinekeys 2019-12-19 v1.6 Define keys (HO)
)
(C:\Users\kecid\AppData\Local\Programs\MiKTeX\tex/generic/pdfescape\pdfescape.s
ty
Package: pdfescape 2019/12/09 v1.15 Implements pdfTeX's escape features (HO)

(C:\Users\kecid\AppData\Local\Programs\MiKTeX\tex/generic/ltxcmds\ltxcmds.sty
Package: ltxcmds 2023-12-04 v1.26 LaTeX kernel commands for general use (HO)
)
(C:\Users\kecid\AppData\Local\Programs\MiKTeX\tex/generic/pdftexcmds\pdftexcmds
.sty
Package: pdftexcmds 2020-06-27 v0.33 Utility functions of pdfTeX for LuaTeX (HO
)

(C:\Users\kecid\AppData\Local\Programs\MiKTeX\tex/generic/infwarerr\infwarerr.s
ty
Package: infwarerr 2019/12/03 v1.5 Providing info/warning/error messages (HO)
)
Package pdftexcmds Info: \pdf@primitive is available.
Package pdftexcmds Info: \pdf@ifprimitive is available.
Package pdftexcmds Info: \pdfdraftmode found.
))
(C:\Users\kecid\AppData\Local\Programs\MiKTeX\tex/latex/hycolor\hycolor.sty
Package: hycolor 2020-01-27 v1.10 Color options for hyperref/bookmark (HO)
)
(C:\Users\kecid\AppData\Local\Programs\MiKTeX\tex/latex/hyperref\nameref.sty
Package: nameref 2026-01-29 v2.58 Cross-referencing by name of section

(C:\Users\kecid\AppData\Local\Programs\MiKTeX\tex/latex/refcount\refcount.sty
Package: refcount 2019/12/15 v3.6 Data extraction from label references (HO)
)
(C:\Users\kecid\AppData\Local\Programs\MiKTeX\tex/generic/gettitlestring\gettit
lestring.sty
Package: gettitlestring 2019/12/15 v1.6 Cleanup title references (HO)

(C:\Users\kecid\AppData\Local\Programs\MiKTeX\tex/latex/kvoptions\kvoptions.sty
Package: kvoptions 2022-06-15 v3.15 Key value format for package options (HO)
))
\c@section@level=\count285
)
(C:\Users\kecid\AppData\Local\Programs\MiKTeX\tex/latex/etoolbox\etoolbox.sty
Package: etoolbox 2025/10/02 v2.5m e-TeX tools for LaTeX (JAW)
\etb@tempcnta=\count286
)
(C:\Users\kecid\AppData\Local\Programs\MiKTeX\tex/generic/stringenc\stringenc.s
ty
Package: stringenc 2019/11/29 v1.12 Convert strings between diff. encodings (HO
)
)
\@linkdim=\dimen153
\Hy@linkcounter=\count287
\Hy@pagecounter=\count288
 (C:\Users\kecid\AppData\Local\Programs\MiKTeX\tex/latex/hyperref\pd1enc.def
File: pd1enc.def 2026-04-24 v7.01q Hyperref: PDFDocEncoding definition (HO)
Now handling font encoding PD1 ...
... no UTF-8 mapping file for font encoding PD1
) (C:\Users\kecid\AppData\Local\Programs\MiKTeX\tex/generic/intcalc\intcalc.sty
Package: intcalc 2019/12/15 v1.3 Expandable calculations with integers (HO)
)
\Hy@SavedSpaceFactor=\count289
 (C:\Users\kecid\AppData\Local\Programs\MiKTeX\tex/latex/hyperref\puenc.def
File: puenc.def 2026-04-24 v7.01q Hyperref: PDF Unicode definition (HO)
Now handling font encoding PU ...
... no UTF-8 mapping file for font encoding PU
)
Package hyperref Info: Option `colorlinks' set `false' on input line 4070.
Package hyperref Info: Hyper figures OFF on input line 4199.
Package hyperref Info: Link nesting OFF on input line 4204.
Package hyperref Info: Hyper index ON on input line 4207.
Package hyperref Info: Plain pages OFF on input line 4214.
Package hyperref Info: Backreferencing OFF on input line 4219.
Package hyperref Info: Implicit mode ON; LaTeX internals redefined.
Package hyperref Info: Bookmarks ON on input line 4466.
\c@Hy@tempcnt=\count290

(C:\Users\kecid\AppData\Local\Programs\MiKTeX\tex/latex/url\url.sty
\Urlmuskip=\muskip17
Package: url 2013/09/16  ver 3.4  Verb mode for urls, etc.
)
LaTeX Info: Redefining \url on input line 4805.
\XeTeXLinkMargin=\dimen154

(C:\Users\kecid\AppData\Local\Programs\MiKTeX\tex/generic/bitset\bitset.sty
Package: bitset 2019/12/09 v1.3 Handle bit-vector datatype (HO)

(C:\Users\kecid\AppData\Local\Programs\MiKTeX\tex/generic/bigintcalc\bigintcalc
.sty
Package: bigintcalc 2019/12/15 v1.5 Expandable calculations on big integers (HO
)
))
\Fld@menulength=\count291
\Field@Width=\dimen155
\Fld@charsize=\dimen156
Package hyperref Info: Hyper figures OFF on input line 6091.
Package hyperref Info: Link nesting OFF on input line 6096.
Package hyperref Info: Hyper index ON on input line 6099.
Package hyperref Info: backreferencing OFF on input line 6106.
Package hyperref Info: Link coloring OFF on input line 6111.
Package hyperref Info: Link coloring with OCG OFF on input line 6116.
Package hyperref Info: PDF/A mode OFF on input line 6121.
\Hy@abspage=\count292
\c@Item=\count293
\c@Hfootnote=\count294
)
Package hyperref Info: Driver (autodetected): hpdftex.

(C:\Users\kecid\AppData\Local\Programs\MiKTeX\tex/latex/hyperref\hpdftex.def
File: hpdftex.def 2026-04-24 v7.01q Hyperref driver for pdfTeX
\Fld@listcount=\count295
\c@bookmark@seq@number=\count296

(C:\Users\kecid\AppData\Local\Programs\MiKTeX\tex/latex/rerunfilecheck\rerunfil
echeck.sty
Package: rerunfilecheck 2025-06-21 v1.11 Rerun checks for auxiliary files (HO)

(C:\Users\kecid\AppData\Local\Programs\MiKTeX\tex/generic/uniquecounter\uniquec
ounter.sty
Package: uniquecounter 2019/12/15 v1.4 Provide unlimited unique counter (HO)
)
Package uniquecounter Info: New unique counter `rerunfilecheck' on input line 2
84.
)
\Hy@SectionHShift=\skip66
)

Class scrbook Warning: Usage of package `tocbibind' together
(scrbook)              with a KOMA-Script class is not recommended.
(scrbook)              I'd suggest to use options like `listof=totoc'
(scrbook)              or `bibliography=totoc', or commands like
(scrbook)              `\setuptoc{toc}{totoc}' instead of this package,
(scrbook)              because it breaks several KOMA-Script features of
(scrbook)              the list of figures, list of tables, bibliography,
(scrbook)              index and the running head.
(scrbook)              Nevertheless, using requested
(scrbook)              package `tocbibind' on input line 13.


(C:\Users\kecid\AppData\Local\Programs\MiKTeX\tex/latex/tocbibind\tocbibind.sty
Package: tocbibind 2010/10/13 v1.5k extra ToC listings
Package tocbibind Info: The document has chapter divisions on input line 50.

Package tocbibind Note: Using chapter style headings, unless overridden.

)
(C:\Users\kecid\AppData\Local\Programs\MiKTeX\tex/latex/blindtext\blindtext.sty
Package: blindtext 2012/01/06 V2.0 blindtext-Package
(C:\Users\kecid\AppData\Local\Programs\MiKTeX\tex/latex/tools\xspace.sty
Package: xspace 2014/10/28 v1.13 Space after command names (DPC,MH)
)
\c@blindtext=\count297
\c@Blindtext=\count298
\c@blind@countparstart=\count299
\blind@countxx=\count300
\blindtext@numBlindtext=\count301
\blind@countyy=\count302
\c@blindlist=\count303
\c@blindlistlevel=\count304
\c@blindlist@level=\count305
\blind@listitem=\count306
\c@blind@listcount=\count307
\c@blind@levelcount=\count308
\blind@mathformula=\count309
\blind@Mathformula=\count310
\c@blind@randomcount=\count311
\c@blind@randommax=\count312
\c@blind@pangramcount=\count313
\c@blind@pangrammax=\count314
)
(C:\Users\kecid\AppData\Local\Programs\MiKTeX\tex/latex/subfigure\subfigure.sty
Package: subfigure 2002/07/30 v2.1.4 subfigure package
\subfigtopskip=\skip67
\subfigcapskip=\skip68
\subfigcaptopadj=\dimen157
\subfigbottomskip=\skip69
\subfigcapmargin=\dimen158
\subfiglabelskip=\skip70
\c@subfigure=\count315
\c@lofdepth=\count316
\c@subtable=\count317
\c@lotdepth=\count318
****************************************
* Local config file subfigure.cfg used *
****************************************

(C:\Users\kecid\AppData\Local\Programs\MiKTeX\tex/latex/subfigure\subfigure.cfg
)
\subfig@top=\skip71
\subfig@bottom=\skip72
) (C:\Users\kecid\AppData\Local\Programs\MiKTeX\tex/latex/acronym\acronym.sty
Package: acronym 2025/01/17 v1.50 Support for acronyms (Tobias Oetiker)

(C:\Users\kecid\AppData\Local\Programs\MiKTeX\tex/latex/bigfoot\suffix.sty
Package: suffix 2006/07/15 1.5a Variant command support
)
(C:\Users\kecid\AppData\Local\Programs\MiKTeX\tex/latex/xstring\xstring.sty
(C:\Users\kecid\AppData\Local\Programs\MiKTeX\tex/generic/xstring\xstring.tex
\xs_counta=\count319
\xs_countb=\count320
)
Package: xstring 2023/08/22 v1.86 String manipulations (CT)
)
\AC@clearlist=\toks18
)
Package hyperref Info: Option `bookmarksnumbered' set `true' on input line 24.


Package hyperref Warning: Option `hyperindex' has already been used,
(hyperref)                setting the option has no effect on input line 24.

Package hyperref Info: Option `bookmarksopen' set `true' on input line 24.
Class scrbook Info: loading recommended package `bookmark'.
(scrbook)           Using `bookmark' together with `hyperref' is recommended,
(scrbook)           because of handling of possible bookmark level gaps.
(scrbook)           You can avoid loading `bookmark' with KOMA-Script option
(scrbook)           `bookmarkpackage=false' before \begin{document} and
(scrbook)           you can avoid this message adding:
(scrbook)             \usepackage{bookmark}
(scrbook)           before \begin{document} on input line 48.
(C:\Users\kecid\AppData\Local\Programs\MiKTeX\tex/latex/bookmark\bookmark.sty
Package: bookmark 2023-12-10 v1.31 PDF bookmarks (HO)

(C:\Users\kecid\AppData\Local\Programs\MiKTeX\tex/latex/bookmark\bkm-pdftex.def
File: bkm-pdftex.def 2023-12-10 v1.31 bookmark driver for pdfTeX and luaTeX (HO
)
\BKM@id=\count321
))
(C:\Users\kecid\AppData\Local\Programs\MiKTeX\tex/latex/l3backend\l3backend-pdf
tex.def
File: l3backend-pdftex.def 2026-02-18 L3 backend support: PDF output (pdfTeX)
\l__color_backend_stack_int=\count322
) (Template.aux)
\openout1 = `Template.aux'.

LaTeX Font Info:    Checking defaults for OML/cmm/m/it on input line 48.
LaTeX Font Info:    ... okay on input line 48.
LaTeX Font Info:    Checking defaults for OMS/cmsy/m/n on input line 48.
LaTeX Font Info:    ... okay on input line 48.
LaTeX Font Info:    Checking defaults for OT1/cmr/m/n on input line 48.
LaTeX Font Info:    ... okay on input line 48.
LaTeX Font Info:    Checking defaults for T1/cmr/m/n on input line 48.
LaTeX Font Info:    ... okay on input line 48.
LaTeX Font Info:    Checking defaults for TS1/cmr/m/n on input line 48.
LaTeX Font Info:    ... okay on input line 48.
LaTeX Font Info:    Checking defaults for OMX/cmex/m/n on input line 48.
LaTeX Font Info:    ... okay on input line 48.
LaTeX Font Info:    Checking defaults for U/cmr/m/n on input line 48.
LaTeX Font Info:    ... okay on input line 48.
LaTeX Font Info:    Checking defaults for PD1/pdf/m/n on input line 48.
LaTeX Font Info:    ... okay on input line 48.
LaTeX Font Info:    Checking defaults for PU/pdf/m/n on input line 48.
LaTeX Font Info:    ... okay on input line 48.
Package scrbase Info: activating english \partname on input line 48.
Package scrbase Info: activating english \chaptername on input line 48.
Package scrbase Info: activating english \appendixname on input line 48.
Package scrbase Info: activating english \figurename on input line 48.
Package scrbase Info: activating english \tablename on input line 48.
Package scrbase Info: activating english \contentsname on input line 48.
Package scrbase Info: activating english \listfigurename on input line 48.
Package scrbase Info: activating english \listtablename on input line 48.
Package scrbase Info: activating english \bibname on input line 48.
Package scrbase Info: activating english \indexname on input line 48.
Package tocbasic Info: usage of `tocbibind' detected on input line 48.

(C:\Users\kecid\AppData\Local\Programs\MiKTeX\tex/context/base/mkii\supp-pdf.mk
ii
[Loading MPS to PDF converter (version 2006.09.02).]
\scratchcounter=\count323
\scratchdimen=\dimen159
\scratchbox=\box55
\nofMPsegments=\count324
\nofMParguments=\count325
\everyMPshowfont=\toks19
\MPscratchCnt=\count326
\MPscratchDim=\dimen160
\MPnumerator=\count327
\makeMPintoPDFobject=\count328
\everyMPtoPDFconversion=\toks20
)
(C:\Users\kecid\AppData\Local\Programs\MiKTeX\tex/latex/epstopdf-pkg\epstopdf-b
ase.sty
Package: epstopdf-base 2020-01-24 v2.11 Base part for package epstopdf
Package epstopdf-base Info: Redefining graphics rule for `.eps' on input line 4
85.

(C:\Users\kecid\AppData\Local\Programs\MiKTeX\tex/latex/00miktex\epstopdf-sys.c
fg
File: epstopdf-sys.cfg 2021/03/18 v2.0 Configuration of epstopdf for MiKTeX
))
Package hyperref Info: Link coloring OFF on input line 48.
<TU_Chemnitz_positiv_gruen.pdf, id=3, 202.89903pt x 132.57831pt>
File: TU_Chemnitz_positiv_gruen.pdf Graphic file (type pdf)
<use TU_Chemnitz_positiv_gruen.pdf>
Package pdftex.def Info: TU_Chemnitz_positiv_gruen.pdf  used on input line 61.
(pdftex.def)             Requested size: 304.3478pt x 198.86696pt.
 [1



{C:/Users/kecid/AppData/Local/MiKTeX/fonts/map/pdftex/pdftex.map} <./TU_Chemnit
z_positiv_gruen.pdf>]
Underfull \hbox (badness 10000) in paragraph at lines 97--99

 []

[2


] (Template.toc
LaTeX Font Info:    External font `cmex10' loaded for size
(Font)              <12> on input line 1.
LaTeX Font Info:    External font `cmex10' loaded for size
(Font)              <8> on input line 1.
LaTeX Font Info:    External font `cmex10' loaded for size
(Font)              <6> on input line 1.
)
\tf@toc=\write3
\openout3 = `Template.toc'.

 [3


] (Template.lof)
\tf@lof=\write4
\openout4 = `Template.lof'.

 [4


] (Template.lot)
\tf@lot=\write5
\openout5 = `Template.lot'.

 [5


]
chapter without number

LaTeX Warning: Hyper reference `acro:KDE' on page 6 undefined on input line 114
.


LaTeX Warning: Hyper reference `acro:KDE' on page 6 undefined on input line 114
.


LaTeX Warning: Hyper reference `acro:SQL' on page 6 undefined on input line 115
.


LaTeX Warning: Hyper reference `acro:SQL' on page 6 undefined on input line 115
.


LaTeX Warning: Hyper reference `acro:Bash' on page 6 undefined on input line 11
6.


LaTeX Warning: Hyper reference `acro:Bash' on page 6 undefined on input line 11
6.


LaTeX Warning: Hyper reference `acro:JDK' on page 6 undefined on input line 117
.


LaTeX Warning: Hyper reference `acro:JDK' on page 6 undefined on input line 117
.


LaTeX Warning: Hyper reference `acro:VM' on page 6 undefined on input line 118.



LaTeX Warning: Hyper reference `acro:VM' on page 6 undefined on input line 118.



LaTeX Warning: Hyper reference `acro:I2C' on page 6 undefined on input line 119
.


LaTeX Warning: Hyper reference `acro:I2C' on page 6 undefined on input line 119
.


LaTeX Warning: Hyper reference `acro:KDE' on page 6 undefined on input line 120
.


LaTeX Warning: Hyper reference `acro:KDE' on page 6 undefined on input line 120
.


LaTeX Warning: Hyper reference `acro:SQL' on page 6 undefined on input line 121
.


LaTeX Warning: Hyper reference `acro:SQL' on page 6 undefined on input line 121
.


LaTeX Warning: Hyper reference `acro:Bash' on page 6 undefined on input line 12
2.


LaTeX Warning: Hyper reference `acro:Bash' on page 6 undefined on input line 12
2.


LaTeX Warning: Hyper reference `acro:JDK' on page 6 undefined on input line 123
.


LaTeX Warning: Hyper reference `acro:JDK' on page 6 undefined on input line 123
.


LaTeX Warning: Hyper reference `acro:VM' on page 6 undefined on input line 124.



LaTeX Warning: Hyper reference `acro:VM' on page 6 undefined on input line 124.



LaTeX Warning: Hyper reference `acro:I2C' on page 6 undefined on input line 125
.


LaTeX Warning: Hyper reference `acro:I2C' on page 6 undefined on input line 125
.


LaTeX Warning: Hyper reference `acro:KDE' on page 6 undefined on input line 126
.


LaTeX Warning: Hyper reference `acro:KDE' on page 6 undefined on input line 126
.


LaTeX Warning: Hyper reference `acro:SQL' on page 6 undefined on input line 127
.


LaTeX Warning: Hyper reference `acro:SQL' on page 6 undefined on input line 127
.


LaTeX Warning: Hyper reference `acro:Bash' on page 6 undefined on input line 12
8.


LaTeX Warning: Hyper reference `acro:Bash' on page 6 undefined on input line 12
8.


LaTeX Warning: Hyper reference `acro:JDK' on page 6 undefined on input line 129
.


LaTeX Warning: Hyper reference `acro:JDK' on page 6 undefined on input line 129
.


LaTeX Warning: Hyper reference `acro:VM' on page 6 undefined on input line 130.



LaTeX Warning: Hyper reference `acro:VM' on page 6 undefined on input line 130.



LaTeX Warning: Hyper reference `acro:I2C' on page 6 undefined on input line 131
.


LaTeX Warning: Hyper reference `acro:I2C' on page 6 undefined on input line 131
.


LaTeX Warning: Hyper reference `acro:KDE' on page 6 undefined on input line 132
.


LaTeX Warning: Hyper reference `acro:KDE' on page 6 undefined on input line 132
.


LaTeX Warning: Hyper reference `acro:SQL' on page 6 undefined on input line 133
.


LaTeX Warning: Hyper reference `acro:SQL' on page 6 undefined on input line 133
.


LaTeX Warning: Hyper reference `acro:Bash' on page 6 undefined on input line 13
4.


LaTeX Warning: Hyper reference `acro:Bash' on page 6 undefined on input line 13
4.


LaTeX Warning: Hyper reference `acro:JDK' on page 6 undefined on input line 135
.


LaTeX Warning: Hyper reference `acro:JDK' on page 6 undefined on input line 135
.


LaTeX Warning: Hyper reference `acro:VM' on page 6 undefined on input line 136.



LaTeX Warning: Hyper reference `acro:VM' on page 6 undefined on input line 136.



LaTeX Warning: Hyper reference `acro:I2C' on page 6 undefined on input line 137
.


LaTeX Warning: Hyper reference `acro:I2C' on page 6 undefined on input line 137
.


LaTeX Warning: Hyper reference `acro:KDE' on page 6 undefined on input line 138
.


LaTeX Warning: Hyper reference `acro:KDE' on page 6 undefined on input line 138
.


LaTeX Warning: Hyper reference `acro:SQL' on page 6 undefined on input line 139
.


LaTeX Warning: Hyper reference `acro:SQL' on page 6 undefined on input line 139
.


LaTeX Warning: Hyper reference `acro:Bash' on page 6 undefined on input line 14
0.


LaTeX Warning: Hyper reference `acro:Bash' on page 6 undefined on input line 14
0.


LaTeX Warning: Hyper reference `acro:JDK' on page 6 undefined on input line 141
.


LaTeX Warning: Hyper reference `acro:JDK' on page 6 undefined on input line 141
.


LaTeX Warning: Hyper reference `acro:VM' on page 6 undefined on input line 142.



LaTeX Warning: Hyper reference `acro:VM' on page 6 undefined on input line 142.



LaTeX Warning: Hyper reference `acro:I2C' on page 6 undefined on input line 143
.


LaTeX Warning: Hyper reference `acro:I2C' on page 6 undefined on input line 143
.


LaTeX Warning: Hyper reference `acro:KDE' on page 6 undefined on input line 144
.


LaTeX Warning: Hyper reference `acro:KDE' on page 6 undefined on input line 144
.


LaTeX Warning: Hyper reference `acro:SQL' on page 6 undefined on input line 145
.


LaTeX Warning: Hyper reference `acro:SQL' on page 6 undefined on input line 145
.


LaTeX Warning: Hyper reference `acro:Bash' on page 6 undefined on input line 14
6.


LaTeX Warning: Hyper reference `acro:Bash' on page 6 undefined on input line 14
6.


LaTeX Warning: Hyper reference `acro:JDK' on page 6 undefined on input line 147
.


LaTeX Warning: Hyper reference `acro:JDK' on page 6 undefined on input line 147
.


LaTeX Warning: Hyper reference `acro:VM' on page 6 undefined on input line 148.



LaTeX Warning: Hyper reference `acro:VM' on page 6 undefined on input line 148.



LaTeX Warning: Hyper reference `acro:I2C' on page 6 undefined on input line 149
.


LaTeX Warning: Hyper reference `acro:I2C' on page 6 undefined on input line 149
.

[6




pdfTeX warning (ext4): destination with the same identifier (name{KDE}) has bee
n already used, duplicate ignored
<argument> ...shipout:D \box_use:N \l_shipout_box 
                                                  \__shipout_drop_firstpage_...
l.152 \onecolumn
                
pdfTeX warning (ext4): destination with the same identifier (name{SQL}) has bee
n already used, duplicate ignored
<argument> ...shipout:D \box_use:N \l_shipout_box 
                                                  \__shipout_drop_firstpage_...
l.152 \onecolumn
                
pdfTeX warning (ext4): destination with the same identifier (name{Bash}) has be
en already used, duplicate ignored
<argument> ...shipout:D \box_use:N \l_shipout_box 
                                                  \__shipout_drop_firstpage_...
l.152 \onecolumn
                
pdfTeX warning (ext4): destination with the same identifier (name{JDK}) has bee
n already used, duplicate ignored
<argument> ...shipout:D \box_use:N \l_shipout_box 
                                                  \__shipout_drop_firstpage_...
l.152 \onecolumn
                
pdfTeX warning (ext4): destination with the same identifier (name{VM}) has been
 already used, duplicate ignored
<argument> ...shipout:D \box_use:N \l_shipout_box 
                                                  \__shipout_drop_firstpage_...
l.152 \onecolumn
                
pdfTeX warning (ext4): destination with the same identifier (name{I2C}) has bee
n already used, duplicate ignored
<argument> ...shipout:D \box_use:N \l_shipout_box 
                                                  \__shipout_drop_firstpage_...
l.152 \onecolumn
                
pdfTeX warning (ext4): destination with the same identifier (name{KDE}) has bee
n already used, duplicate ignored
<argument> ...shipout:D \box_use:N \l_shipout_box 
                                                  \__shipout_drop_firstpage_...
l.152 \onecolumn
                
pdfTeX warning (ext4): destination with the same identifier (name{SQL}) has bee
n already used, duplicate ignored
<argument> ...shipout:D \box_use:N \l_shipout_box 
                                                  \__shipout_drop_firstpage_...
l.152 \onecolumn
                
pdfTeX warning (ext4): destination with the same identifier (name{Bash}) has be
en already used, duplicate ignored
<argument> ...shipout:D \box_use:N \l_shipout_box 
                                                  \__shipout_drop_firstpage_...
l.152 \onecolumn
                
pdfTeX warning (ext4): destination with the same identifier (name{JDK}) has bee
n already used, duplicate ignored
<argument> ...shipout:D \box_use:N \l_shipout_box 
                                                  \__shipout_drop_firstpage_...
l.152 \onecolumn
                
pdfTeX warning (ext4): destination with the same identifier (name{VM}) has been
 already used, duplicate ignored
<argument> ...shipout:D \box_use:N \l_shipout_box 
                                                  \__shipout_drop_firstpage_...
l.152 \onecolumn
                
pdfTeX warning (ext4): destination with the same identifier (name{I2C}) has bee
n already used, duplicate ignored
<argument> ...shipout:D \box_use:N \l_shipout_box 
                                                  \__shipout_drop_firstpage_...
l.152 \onecolumn
                
pdfTeX warning (ext4): destination with the same identifier (name{KDE}) has bee
n already used, duplicate ignored
<argument> ...shipout:D \box_use:N \l_shipout_box 
                                                  \__shipout_drop_firstpage_...
l.152 \onecolumn
                
pdfTeX warning (ext4): destination with the same identifier (name{SQL}) has bee
n already used, duplicate ignored
<argument> ...shipout:D \box_use:N \l_shipout_box 
                                                  \__shipout_drop_firstpage_...
l.152 \onecolumn
                
pdfTeX warning (ext4): destination with the same identifier (name{Bash}) has be
en already used, duplicate ignored
<argument> ...shipout:D \box_use:N \l_shipout_box 
                                                  \__shipout_drop_firstpage_...
l.152 \onecolumn
                
pdfTeX warning (ext4): destination with the same identifier (name{JDK}) has bee
n already used, duplicate ignored
<argument> ...shipout:D \box_use:N \l_shipout_box 
                                                  \__shipout_drop_firstpage_...
l.152 \onecolumn
                
pdfTeX warning (ext4): destination with the same identifier (name{VM}) has been
 already used, duplicate ignored
<argument> ...shipout:D \box_use:N \l_shipout_box 
                                                  \__shipout_drop_firstpage_...
l.152 \onecolumn
                
pdfTeX warning (ext4): destination with the same identifier (name{I2C}) has bee
n already used, duplicate ignored
<argument> ...shipout:D \box_use:N \l_shipout_box 
                                                  \__shipout_drop_firstpage_...
l.152 \onecolumn
                
pdfTeX warning (ext4): destination with the same identifier (name{KDE}) has bee
n already used, duplicate ignored
<argument> ...shipout:D \box_use:N \l_shipout_box 
                                                  \__shipout_drop_firstpage_...
l.152 \onecolumn
                
pdfTeX warning (ext4): destination with the same identifier (name{SQL}) has bee
n already used, duplicate ignored
<argument> ...shipout:D \box_use:N \l_shipout_box 
                                                  \__shipout_drop_firstpage_...
l.152 \onecolumn
                
pdfTeX warning (ext4): destination with the same identifier (name{Bash}) has be
en already used, duplicate ignored
<argument> ...shipout:D \box_use:N \l_shipout_box 
                                                  \__shipout_drop_firstpage_...
l.152 \onecolumn
                
pdfTeX warning (ext4): destination with the same identifier (name{JDK}) has bee
n already used, duplicate ignored
<argument> ...shipout:D \box_use:N \l_shipout_box 
                                                  \__shipout_drop_firstpage_...
l.152 \onecolumn
                
pdfTeX warning (ext4): destination with the same identifier (name{VM}) has been
 already used, duplicate ignored
<argument> ...shipout:D \box_use:N \l_shipout_box 
                                                  \__shipout_drop_firstpage_...
l.152 \onecolumn
                
pdfTeX warning (ext4): destination with the same identifier (name{I2C}) has bee
n already used, duplicate ignored
<argument> ...shipout:D \box_use:N \l_shipout_box 
                                                  \__shipout_drop_firstpage_...
l.152 \onecolumn
                
pdfTeX warning (ext4): destination with the same identifier (name{KDE}) has bee
n already used, duplicate ignored
<argument> ...shipout:D \box_use:N \l_shipout_box 
                                                  \__shipout_drop_firstpage_...
l.152 \onecolumn
                
pdfTeX warning (ext4): destination with the same identifier (name{SQL}) has bee
n already used, duplicate ignored
<argument> ...shipout:D \box_use:N \l_shipout_box 
                                                  \__shipout_drop_firstpage_...
l.152 \onecolumn
                
pdfTeX warning (ext4): destination with the same identifier (name{Bash}) has be
en already used, duplicate ignored
<argument> ...shipout:D \box_use:N \l_shipout_box 
                                                  \__shipout_drop_firstpage_...
l.152 \onecolumn
                
pdfTeX warning (ext4): destination with the same identifier (name{JDK}) has bee
n already used, duplicate ignored
<argument> ...shipout:D \box_use:N \l_shipout_box 
                                                  \__shipout_drop_firstpage_...
l.152 \onecolumn
                
pdfTeX warning (ext4): destination with the same identifier (name{VM}) has been
 already used, duplicate ignored
<argument> ...shipout:D \box_use:N \l_shipout_box 
                                                  \__shipout_drop_firstpage_...
l.152 \onecolumn
                
pdfTeX warning (ext4): destination with the same identifier (name{I2C}) has bee
n already used, duplicate ignored
<argument> ...shipout:D \box_use:N \l_shipout_box 
                                                  \__shipout_drop_firstpage_...
l.152 \onecolumn
                ]
chapter 1.
(src/intro.tex [7



]) [8]
chapter 2.
(src/example_tables.tex) [9


] [10]
chapter 3.
(src/example_figures.tex
File: TU_Chemnitz_positiv_gruen.pdf Graphic file (type pdf)
<use TU_Chemnitz_positiv_gruen.pdf>
Package pdftex.def Info: TU_Chemnitz_positiv_gruen.pdf  used on input line 7.
(pdftex.def)             Requested size: 256.07744pt x 167.3449pt.
 [11


]
File: TU_Chemnitz_positiv_gruen.pdf Graphic file (type pdf)
<use TU_Chemnitz_positiv_gruen.pdf>
Package pdftex.def Info: TU_Chemnitz_positiv_gruen.pdf  used on input line 16.
(pdftex.def)             Requested size: 209.13013pt x 136.65427pt.
File: TU_Chemnitz_positiv_gruen.pdf Graphic file (type pdf)
<use TU_Chemnitz_positiv_gruen.pdf>
Package pdftex.def Info: TU_Chemnitz_positiv_gruen.pdf  used on input line 17.
(pdftex.def)             Requested size: 209.13013pt x 136.65427pt.
) [12]
chapter 4.
LaTeX Font Info:    External font `cmex10' loaded for size
(Font)              <7> on input line 171.
LaTeX Font Info:    External font `cmex10' loaded for size
(Font)              <5> on input line 171.
[13


] [14]
chapter 5.
[15


] [16] [17] (Template.bbl [18]
Underfull \hbox (badness 3138) in paragraph at lines 10--13
[]\OT1/cmr/m/n/12 Glueck, H.I.: Au-toren-richtlin-ien zur gi-edition lec-ture n
otes in in-for-
 []

)
No file Template.ind.
[19


] (Template.aux)
 ***********
LaTeX2e <2025-11-01>
L3 programming layer <2026-03-20>
 ***********


LaTeX Warning: There were undefined references.

 ) 
Here is how much of TeX's memory you used:
 13326 strings out of 467691
 242991 string characters out of 5414988
 795384 words of memory out of 5000000
 42187 multiletter control sequences out of 15000+600000
 635421 words of font info for 64 fonts, out of 8000000 for 9000
 1141 hyphenation exceptions out of 8191
 108i,8n,107p,11213b,543s stack positions out of 10000i,1000n,20000p,200000b,200000s
 <C:\Users\kecid\AppData\Local\MiKTeX\fonts/pk/ljfour/jknappen/ec/dpi600\tcbx
1200.pk><C:/Users/kecid/AppData/Local/Programs/MiKTeX/fonts/type1/public/amsfon
ts/cm/cmbx12.pfb><C:/Users/kecid/AppData/Local/Programs/MiKTeX/fonts/type1/publ
ic/amsfonts/cm/cmr10.pfb><C:/Users/kecid/AppData/Local/Programs/MiKTeX/fonts/ty
pe1/public/amsfonts/cm/cmr12.pfb><C:/Users/kecid/AppData/Local/Programs/MiKTeX/
fonts/type1/public/amsfonts/cm/cmr17.pfb><C:/Users/kecid/AppData/Local/Programs
/MiKTeX/fonts/type1/public/amsfonts/cm/cmr7.pfb><C:/Users/kecid/AppData/Local/P
rograms/MiKTeX/fonts/type1/public/amsfonts/cm/cmr8.pfb><C:/Users/kecid/AppData/
Local/Programs/MiKTeX/fonts/type1/public/amsfonts/cm/cmsl12.pfb><C:/Users/kecid
/AppData/Local/Programs/MiKTeX/fonts/type1/public/amsfonts/cm/cmssbx10.pfb><C:/
Users/kecid/AppData/Local/Programs/MiKTeX/fonts/type1/public/amsfonts/cm/cmtt12
.pfb>
Output written on Template.pdf (19 pages, 220519 bytes).
PDF statistics:
 263 PDF objects out of 1000 (max. 8388607)
 52 named destinations out of 1000 (max. 500000)
 118 words of extra memory for PDF output out of 10000 (max. 10000000)

